2023-05-23 00:51:35,101 INFO o.h.v.i.u.Version [background-preinit] HV000001: Hibernate Validator 6.2.5.Final
2023-05-23 00:51:35,132 INFO o.s.b.StartupInfoLogger [restartedMain] Starting MycarApplication using Java 17.0.6 on cskmacedo-dell-i7 with PID 53120 (/home/cskmacedo/Documents/git/projetos/mycar/target/classes started by cskmacedo in /home/cskmacedo/Documents/git/projetos/mycar)
2023-05-23 00:51:35,135 INFO o.s.b.SpringApplication [restartedMain] No active profile set, falling back to 1 default profile: "default"
2023-05-23 00:51:35,171 INFO o.s.b.l.DeferredLog [restartedMain] Devtools property defaults active! Set 'spring.devtools.add-properties' to 'false' to disable
2023-05-23 00:51:35,172 INFO o.s.b.l.DeferredLog [restartedMain] For additional web related logging consider setting the 'logging.level.web' property to 'DEBUG'
2023-05-23 00:51:35,952 INFO o.s.d.r.c.RepositoryConfigurationDelegate [restartedMain] Multiple Spring Data modules found, entering strict repository configuration mode
2023-05-23 00:51:35,955 INFO o.s.d.r.c.RepositoryConfigurationDelegate [restartedMain] Bootstrapping Spring Data JPA repositories in DEFAULT mode.
2023-05-23 00:51:36,048 INFO o.s.d.r.c.RepositoryConfigurationDelegate [restartedMain] Finished Spring Data repository scanning in 85 ms. Found 9 JPA repository interfaces.
2023-05-23 00:51:36,063 INFO o.s.d.r.c.RepositoryConfigurationDelegate [restartedMain] Multiple Spring Data modules found, entering strict repository configuration mode
2023-05-23 00:51:36,064 INFO o.s.d.r.c.RepositoryConfigurationDelegate [restartedMain] Bootstrapping Spring Data Redis repositories in DEFAULT mode.
2023-05-23 00:51:36,077 INFO o.s.d.r.c.RepositoryConfigurationExtensionSupport [restartedMain] Spring Data Redis - Could not safely identify store assignment for repository candidate interface com.lambdateam.mycar.repository.ComponentRepository; If you want this repository to be a Redis repository, consider annotating your entities with one of these annotations: org.springframework.data.redis.core.RedisHash (preferred), or consider extending one of the following types with your repository: org.springframework.data.keyvalue.repository.KeyValueRepository
2023-05-23 00:51:36,078 INFO o.s.d.r.c.RepositoryConfigurationExtensionSupport [restartedMain] Spring Data Redis - Could not safely identify store assignment for repository candidate interface com.lambdateam.mycar.repository.MaintenancesRepository; If you want this repository to be a Redis repository, consider annotating your entities with one of these annotations: org.springframework.data.redis.core.RedisHash (preferred), or consider extending one of the following types with your repository: org.springframework.data.keyvalue.repository.KeyValueRepository
2023-05-23 00:51:36,078 INFO o.s.d.r.c.RepositoryConfigurationExtensionSupport [restartedMain] Spring Data Redis - Could not safely identify store assignment for repository candidate interface com.lambdateam.mycar.repository.ManufacturerRepository; If you want this repository to be a Redis repository, consider annotating your entities with one of these annotations: org.springframework.data.redis.core.RedisHash (preferred), or consider extending one of the following types with your repository: org.springframework.data.keyvalue.repository.KeyValueRepository
2023-05-23 00:51:36,079 INFO o.s.d.r.c.RepositoryConfigurationExtensionSupport [restartedMain] Spring Data Redis - Could not safely identify store assignment for repository candidate interface com.lambdateam.mycar.repository.ServiceRepository; If you want this repository to be a Redis repository, consider annotating your entities with one of these annotations: org.springframework.data.redis.core.RedisHash (preferred), or consider extending one of the following types with your repository: org.springframework.data.keyvalue.repository.KeyValueRepository
2023-05-23 00:51:36,080 INFO o.s.d.r.c.RepositoryConfigurationExtensionSupport [restartedMain] Spring Data Redis - Could not safely identify store assignment for repository candidate interface com.lambdateam.mycar.repository.ShoppingListRepository; If you want this repository to be a Redis repository, consider annotating your entities with one of these annotations: org.springframework.data.redis.core.RedisHash (preferred), or consider extending one of the following types with your repository: org.springframework.data.keyvalue.repository.KeyValueRepository
2023-05-23 00:51:36,080 INFO o.s.d.r.c.RepositoryConfigurationExtensionSupport [restartedMain] Spring Data Redis - Could not safely identify store assignment for repository candidate interface com.lambdateam.mycar.repository.TechnicalVisitRepository; If you want this repository to be a Redis repository, consider annotating your entities with one of these annotations: org.springframework.data.redis.core.RedisHash (preferred), or consider extending one of the following types with your repository: org.springframework.data.keyvalue.repository.KeyValueRepository
2023-05-23 00:51:36,081 INFO o.s.d.r.c.RepositoryConfigurationExtensionSupport [restartedMain] Spring Data Redis - Could not safely identify store assignment for repository candidate interface com.lambdateam.mycar.repository.UserRepository; If you want this repository to be a Redis repository, consider annotating your entities with one of these annotations: org.springframework.data.redis.core.RedisHash (preferred), or consider extending one of the following types with your repository: org.springframework.data.keyvalue.repository.KeyValueRepository
2023-05-23 00:51:36,081 INFO o.s.d.r.c.RepositoryConfigurationExtensionSupport [restartedMain] Spring Data Redis - Could not safely identify store assignment for repository candidate interface com.lambdateam.mycar.repository.VehicleRepository; If you want this repository to be a Redis repository, consider annotating your entities with one of these annotations: org.springframework.data.redis.core.RedisHash (preferred), or consider extending one of the following types with your repository: org.springframework.data.keyvalue.repository.KeyValueRepository
2023-05-23 00:51:36,082 INFO o.s.d.r.c.RepositoryConfigurationExtensionSupport [restartedMain] Spring Data Redis - Could not safely identify store assignment for repository candidate interface com.lambdateam.mycar.repository.WorkshopRepository; If you want this repository to be a Redis repository, consider annotating your entities with one of these annotations: org.springframework.data.redis.core.RedisHash (preferred), or consider extending one of the following types with your repository: org.springframework.data.keyvalue.repository.KeyValueRepository
2023-05-23 00:51:36,082 INFO o.s.d.r.c.RepositoryConfigurationDelegate [restartedMain] Finished Spring Data repository scanning in 9 ms. Found 0 Redis repository interfaces.
2023-05-23 00:51:36,724 INFO o.s.b.w.e.t.TomcatWebServer [restartedMain] Tomcat initialized with port(s): 8003 (http)
2023-05-23 00:51:36,738 INFO o.a.j.l.DirectJDKLog [restartedMain] Initializing ProtocolHandler ["http-nio-8003"]
2023-05-23 00:51:36,738 INFO o.a.j.l.DirectJDKLog [restartedMain] Starting service [Tomcat]
2023-05-23 00:51:36,739 INFO o.a.j.l.DirectJDKLog [restartedMain] Starting Servlet engine: [Apache Tomcat/9.0.65]
2023-05-23 00:51:36,790 INFO o.a.j.l.DirectJDKLog [restartedMain] Initializing Spring embedded WebApplicationContext
2023-05-23 00:51:36,791 INFO o.s.b.w.s.c.ServletWebServerApplicationContext [restartedMain] Root WebApplicationContext: initialization completed in 1618 ms
2023-05-23 00:51:36,823 INFO c.z.h.HikariDataSource [restartedMain] HikariPool-1 - Starting...
2023-05-23 00:51:37,088 INFO c.z.h.HikariDataSource [restartedMain] HikariPool-1 - Start completed.
2023-05-23 00:51:37,096 INFO o.s.b.a.h.H2ConsoleAutoConfiguration [restartedMain] H2 console available at '/h2-console'. Database available at 'jdbc:mysql://localhost:3306/mycar'
2023-05-23 00:51:37,190 INFO o.h.j.i.u.LogHelper [restartedMain] HHH000204: Processing PersistenceUnitInfo [name: default]
2023-05-23 00:51:37,236 INFO o.h.Version [restartedMain] HHH000412: Hibernate ORM core version 5.6.11.Final
2023-05-23 00:51:37,418 INFO o.h.a.c.r.j.JavaReflectionManager [restartedMain] HCANN000001: Hibernate Commons Annotations {5.1.2.Final}
2023-05-23 00:51:37,516 INFO o.h.d.Dialect [restartedMain] HHH000400: Using dialect: org.hibernate.dialect.MySQL5InnoDBDialect
2023-05-23 00:51:38,251 INFO o.h.e.t.j.p.i.JtaPlatformInitiator [restartedMain] HHH000490: Using JtaPlatform implementation: [org.hibernate.engine.transaction.jta.platform.internal.NoJtaPlatform]
2023-05-23 00:51:38,257 INFO o.s.o.j.AbstractEntityManagerFactoryBean [restartedMain] Initialized JPA EntityManagerFactory for persistence unit 'default'
2023-05-23 00:51:38,747 WARN o.s.b.a.o.j.JpaBaseConfiguration$JpaWebConfiguration [restartedMain] spring.jpa.open-in-view is enabled by default. Therefore, database queries may be performed during view rendering. Explicitly configure spring.jpa.open-in-view to disable this warning
2023-05-23 00:51:39,656 WARN o.s.b.a.t.ThymeleafAutoConfiguration$DefaultTemplateResolverConfiguration [restartedMain] Cannot find template location: classpath:/templates/ (please add some templates, check your Thymeleaf configuration, or set spring.thymeleaf.check-template-location=false)
2023-05-23 00:51:40,038 INFO o.s.s.w.DefaultSecurityFilterChain [restartedMain] Will secure Ant [pattern='/**'] with [org.springframework.security.web.session.DisableEncodeUrlFilter@42a4dd71, org.springframework.security.web.context.request.async.WebAsyncManagerIntegrationFilter@5a39401a, org.springframework.security.web.context.SecurityContextPersistenceFilter@6d353971, org.springframework.security.web.header.HeaderWriterFilter@6dc33395, org.springframework.security.web.authentication.logout.LogoutFilter@7306a591, com.lambdateam.mycar.jwt.filter.JwtRequestFilter@5d543ef0, org.springframework.security.web.savedrequest.RequestCacheAwareFilter@78207869, org.springframework.security.web.servletapi.SecurityContextHolderAwareRequestFilter@5b6c2aae, org.springframework.security.web.authentication.AnonymousAuthenticationFilter@1d59f6a3, org.springframework.security.web.session.SessionManagementFilter@1ae8f014, org.springframework.security.web.access.ExceptionTranslationFilter@214bd33, org.springframework.security.web.access.intercept.FilterSecurityInterceptor@38f45042]
2023-05-23 00:51:40,071 INFO o.s.b.d.a.OptionalLiveReloadServer [restartedMain] LiveReload server is running on port 35729
2023-05-23 00:51:40,098 INFO o.a.j.l.DirectJDKLog [restartedMain] Starting ProtocolHandler ["http-nio-8003"]
2023-05-23 00:51:40,113 INFO o.s.b.w.e.t.TomcatWebServer [restartedMain] Tomcat started on port(s): 8003 (http) with context path '/mycar/v1'
2023-05-23 00:51:40,125 INFO o.s.b.StartupInfoLogger [restartedMain] Started MycarApplication in 5.48 seconds (JVM running for 6.553)
2023-05-23 00:52:32,157 INFO o.a.j.l.DirectJDKLog [http-nio-8003-exec-1] Initializing Spring DispatcherServlet 'dispatcherServlet'
2023-05-23 00:52:32,159 INFO o.s.w.s.FrameworkServlet [http-nio-8003-exec-1] Initializing Servlet 'dispatcherServlet'
2023-05-23 00:52:32,164 INFO o.s.w.s.FrameworkServlet [http-nio-8003-exec-1] Completed initialization in 2 ms
2023-05-23 00:52:33,178 INFO o.s.a.AbstractOpenApiResource [http-nio-8003-exec-7] Init duration for springdoc-openapi is: 424 ms
2023-05-23 01:02:20,340 INFO o.s.o.j.AbstractEntityManagerFactoryBean [SpringApplicationShutdownHook] Closing JPA EntityManagerFactory for persistence unit 'default'
2023-05-23 01:02:20,344 INFO c.z.h.HikariDataSource [SpringApplicationShutdownHook] HikariPool-1 - Shutdown initiated...
2023-05-23 01:02:20,350 INFO c.z.h.HikariDataSource [SpringApplicationShutdownHook] HikariPool-1 - Shutdown completed.
